<?xml version="1.0" encoding="UTF-8"?>
<!-- Generated by org.testng.reporters.JUnitReportReporter -->
<testsuite hostname="Mac1s-MacBook-Pro.local" failures="0" tests="1" name="TC_Login_Phone.TC_Register_phone" time="37.194" errors="0" timestamp="2023-11-28T16:44:48 WIB" skipped="0">
  <testcase classname="TC_Login_Phone.TC_Register_phone" name="TCRegisterBerhasil" time="37.194"/>
  <system-out/>
</testsuite> <!-- TC_Login_Phone.TC_Register_phone -->
