<?xml version="1.0" encoding="UTF-8"?>
<!-- Generated by org.testng.reporters.JUnitReportReporter -->
<testsuite hostname="Mac1s-MacBook-Pro.local" failures="0" tests="1" name="TC_Login_Phone.TC1_LoginBerhasil" time="24.654" errors="0" timestamp="2023-11-24T18:29:28 WIB" skipped="0">
  <testcase classname="TC_Login_Phone.TC1_LoginBerhasil" name="TC1" time="24.654"/>
  <system-out/>
</testsuite> <!-- TC_Login_Phone.TC1_LoginBerhasil -->
