<?xml version="1.0" encoding="UTF-8"?>
<!-- Generated by org.testng.reporters.JUnitReportReporter -->
<testsuite hostname="Mac1s-MBP" failures="0" tests="1" name="TC_Login.TC1_LoginBerhasil" time="21.456" errors="0" timestamp="2023-11-18T18:28:19 WIB" skipped="0">
  <testcase classname="TC_Login.TC1_LoginBerhasil" name="TC1" time="21.456"/>
  <system-out/>
</testsuite> <!-- TC_Login.TC1_LoginBerhasil -->
